<?xml version="1.0" encoding="UTF-8"?>
<testsuite name="com.flightsearch.flight_app.FlightAppApplicationTests" tests="1" skipped="0" failures="0" errors="0" timestamp="2025-05-13T21:56:15.938Z" hostname="MacBookPro" time="0.004">
  <properties/>
  <testcase name="contextLoads()" classname="com.flightsearch.flight_app.FlightAppApplicationTests" time="0.004"/>
  <system-out><![CDATA[2025-05-13T17:56:15.930-04:00  INFO 50864 --- [flight-app] [    Test worker] t.c.s.AnnotationConfigContextLoaderUtils : Could not detect default configuration classes for test class [com.flightsearch.flight_app.FlightAppApplicationTests]: FlightAppApplicationTests does not declare any static, non-private, non-final, nested classes annotated with @Configuration.
2025-05-13T17:56:15.936-04:00  INFO 50864 --- [flight-app] [    Test worker] .b.t.c.SpringBootTestContextBootstrapper : Found @SpringBootConfiguration com.flightsearch.flight_app.FlightAppApplication for test class com.flightsearch.flight_app.FlightAppApplicationTests
]]></system-out>
  <system-err><![CDATA[]]></system-err>
</testsuite>
